#
# There is insufficient memory for the Java Runtime Environment to continue.
# Native memory allocation (mmap) failed to map 62914560 bytes for committing reserved memory.
# Possible reasons:
#   The system is out of physical RAM or swap space
#   The process is running with CompressedOops enabled, and the Java Heap may be blocking the growth of the native heap
# Possible solutions:
#   Reduce memory load on the system
#   Increase physical memory or swap space
#   Check if swap backing store is full
#   Decrease Java heap size (-Xmx/-Xms)
#   Decrease number of Java threads
#   Decrease Java thread stack sizes (-Xss)
#   Set larger code cache with -XX:ReservedCodeCacheSize=
#   JVM is running with Unscaled Compressed Oops mode in which the Java heap is
#     placed in the first 4GB address space. The Java Heap base address is the
#     maximum limit for the native heap growth. Please use -XX:HeapBaseMinAddress
#     to set the Java Heap base and to place the Java Heap above 4GB virtual address.
# This output file may be truncated or incomplete.
#
#  Out of Memory Error (os_linux.cpp:2839), pid=9525, tid=9554
#
# JRE version: OpenJDK Runtime Environment (11.0.5+10) (build 11.0.5+10-post-Ubuntu-0ubuntu1.118.04)
# Java VM: OpenJDK 64-Bit Server VM (11.0.5+10-post-Ubuntu-0ubuntu1.118.04, mixed mode, sharing, tiered, compressed oops, g1 gc, linux-amd64)
# Core dump will be written. Default location: Core dumps may be processed with "/usr/share/apport/apport %p %s %c %d %P" (or dumping to /home/matthew/IdeaProjects/HomeManagement/core.9525)
#

---------------  S U M M A R Y ------------

Command Line: -Dclassworlds.conf=/usr/share/maven/bin/m2.conf -Dmaven.home=/usr/share/maven -Dlibrary.jansi.path=/usr/share/maven/lib/jansi-native -Dmaven.multiModuleProjectDirectory=/home/matthew/IdeaProjects/HomeManagement org.codehaus.plexus.classworlds.launcher.Launcher clean package

Host: Intel(R) Core(TM) i3-5010U CPU @ 2.10GHz, 4 cores, 3G, Ubuntu 18.04.3 LTS
Time: Fri Dec 20 12:13:33 2019 CST elapsed time: 56 seconds (0d 0h 0m 56s)

---------------  T H R E A D  ---------------

Current thread (0x00007f034c0bc000):  VMThread "VM Thread" [stack: 0x00007f0350383000,0x00007f0350483000] [id=9554]

Stack: [0x00007f0350383000,0x00007f0350483000],  sp=0x00007f0350480ff0,  free space=1015k
Native frames: (J=compiled Java code, A=aot compiled Java code, j=interpreted, Vv=VM code, C=native code)
V  [libjvm.so+0xdec067]
V  [libjvm.so+0xdeccbb]
V  [libjvm.so+0x64fc15]
V  [libjvm.so+0xbc77d8]
V  [libjvm.so+0xbbf0fd]
V  [libjvm.so+0x76d91f]
V  [libjvm.so+0x76db8e]
V  [libjvm.so+0x779c00]
V  [libjvm.so+0x7f4f49]
V  [libjvm.so+0x7f5ba2]
V  [libjvm.so+0x7f6009]
V  [libjvm.so+0x72c0df]
V  [libjvm.so+0x730dda]
V  [libjvm.so+0xdf7d01]
V  [libjvm.so+0xdf68c8]
V  [libjvm.so+0xdf4106]
V  [libjvm.so+0xdf4610]
V  [libjvm.so+0xdf4a43]
V  [libjvm.so+0xd7ba0a]
V  [libjvm.so+0xbcd3ce]

VM_Operation (0x00007f035581b210): G1CollectForAllocation, mode: safepoint, requested by thread 0x00007f034c015000


---------------  P R O C E S S  ---------------

Threads class SMR info:
_java_thread_list=0x00007f02ec0169b0, length=9, elements={
0x00007f034c015000, 0x00007f034c0bf000, 0x00007f034c0c1000, 0x00007f034c0c6800,
0x00007f034c0c8800, 0x00007f034c0ca800, 0x00007f034c0cc800, 0x00007f034c12b800,
0x00007f034c131000
}

Java Threads: ( => current thread )
  0x00007f034c015000 JavaThread "main" [_thread_blocked, id=9548, stack(0x00007f035571f000,0x00007f0355820000)]
  0x00007f034c0bf000 JavaThread "Reference Handler" daemon [_thread_blocked, id=9555, stack(0x00007f0350280000,0x00007f0350381000)]
  0x00007f034c0c1000 JavaThread "Finalizer" daemon [_thread_blocked, id=9556, stack(0x00007f035017f000,0x00007f0350280000)]
  0x00007f034c0c6800 JavaThread "Signal Dispatcher" daemon [_thread_blocked, id=9557, stack(0x00007f035007e000,0x00007f035017f000)]
  0x00007f034c0c8800 JavaThread "C2 CompilerThread0" daemon [_thread_in_native, id=9558, stack(0x00007f033403d000,0x00007f033413e000)]
  0x00007f034c0ca800 JavaThread "C1 CompilerThread0" daemon [_thread_blocked, id=9559, stack(0x00007f032c0ef000,0x00007f032c1f0000)]
  0x00007f034c0cc800 JavaThread "Sweeper thread" daemon [_thread_blocked, id=9560, stack(0x00007f030f530000,0x00007f030f631000)]
  0x00007f034c12b800 JavaThread "Service Thread" daemon [_thread_blocked, id=9561, stack(0x00007f030f42f000,0x00007f030f530000)]
  0x00007f034c131000 JavaThread "Common-Cleaner" daemon [_thread_blocked, id=9563, stack(0x00007f030f22c000,0x00007f030f32d000)]

Other Threads:
=>0x00007f034c0bc000 VMThread "VM Thread" [stack: 0x00007f0350383000,0x00007f0350483000] [id=9554]
  0x00007f034c12e000 WatcherThread [stack: 0x00007f030f32f000,0x00007f030f42f000] [id=9562]
  0x00007f034c02e000 GCTaskThread "GC Thread#0" [stack: 0x00007f0351714000,0x00007f0351814000] [id=9549]
  0x00007f031c001000 GCTaskThread "GC Thread#1" [stack: 0x00007f030ed04000,0x00007f030ee04000] [id=9564]
  0x00007f034c048800 ConcurrentGCThread "G1 Main Marker" [stack: 0x00007f0350c6b000,0x00007f0350d6b000] [id=9550]
  0x00007f034c04a800 ConcurrentGCThread "G1 Conc#0" [stack: 0x00007f0350b69000,0x00007f0350c69000] [id=9551]
  0x00007f034c08e000 ConcurrentGCThread "G1 Refine#0" [stack: 0x00007f0350663000,0x00007f0350763000] [id=9552]
  0x00007f034c090000 ConcurrentGCThread "G1 Young RemSet Sampling" [stack: 0x00007f0350561000,0x00007f0350661000] [id=9553]

Threads with active compile tasks:
C2 CompilerThread0  56360 5521 % !   4       java.util.jar.Attributes::read @ 185 (388 bytes)

VM state:at safepoint (normal execution)

VM Mutex/Monitor currently owned by a thread:  ([mutex/lock_event])
[0x00007f034c011520] Threads_lock - owner thread: 0x00007f034c0bc000
[0x00007f034c011c70] Heap_lock - owner thread: 0x00007f034c015000

Heap address: 0x00000000c3e00000, size: 962 MB, Compressed Oops mode: 32-bit
Narrow klass base: 0x0000000800000000, Narrow klass shift: 3
Compressed class space size: 1073741824 Address: 0x0000000840000000

Heap:
 garbage-first heap   total 158720K, used 28162K [0x00000000c3e00000, 0x0000000100000000)
  region size 1024K, 3 young (3072K), 3 survivors (3072K)
 Metaspace       used 27152K, capacity 28222K, committed 28544K, reserved 1075200K
  class space    used 3084K, capacity 3391K, committed 3456K, reserved 1048576K
Heap Regions: E=young(eden), S=young(survivor), O=old, HS=humongous(starts), HC=humongous(continues), CS=collection set, F=free, A=archive, TAMS=top-at-mark-start (previous, next)
|   0|0x00000000c3e00000, 0x00000000c3f00000, 0x00000000c3f00000|100%| O|  |TAMS 0x00000000c3f00000, 0x00000000c3e00000| Untracked 
|   1|0x00000000c3f00000, 0x00000000c4000000, 0x00000000c4000000|100%| O|  |TAMS 0x00000000c4000000, 0x00000000c3f00000| Untracked 
|   2|0x00000000c4000000, 0x00000000c4100000, 0x00000000c4100000|100%| O|  |TAMS 0x00000000c4100000, 0x00000000c4000000| Untracked 
|   3|0x00000000c4100000, 0x00000000c4200000, 0x00000000c4200000|100%| O|  |TAMS 0x00000000c4200000, 0x00000000c4100000| Untracked 
|   4|0x00000000c4200000, 0x00000000c4300000, 0x00000000c4300000|100%| O|  |TAMS 0x00000000c4300000, 0x00000000c4200000| Untracked 
|   5|0x00000000c4300000, 0x00000000c4400000, 0x00000000c4400000|100%| O|  |TAMS 0x00000000c4400000, 0x00000000c4300000| Untracked 
|   6|0x00000000c4400000, 0x00000000c4500000, 0x00000000c4500000|100%| O|  |TAMS 0x00000000c4500000, 0x00000000c4400000| Untracked 
|   7|0x00000000c4500000, 0x00000000c4600000, 0x00000000c4600000|100%| O|  |TAMS 0x00000000c4600000, 0x00000000c4500000| Untracked 
|   8|0x00000000c4600000, 0x00000000c4700000, 0x00000000c4700000|100%| O|  |TAMS 0x00000000c4700000, 0x00000000c4600000| Untracked 
|   9|0x00000000c4700000, 0x00000000c4800000, 0x00000000c4800000|100%| O|  |TAMS 0x00000000c4800000, 0x00000000c4700000| Untracked 
|  10|0x00000000c4800000, 0x00000000c4900000, 0x00000000c4900000|100%| O|  |TAMS 0x00000000c4900000, 0x00000000c4800000| Untracked 
|  11|0x00000000c4900000, 0x00000000c4a00000, 0x00000000c4a00000|100%| O|  |TAMS 0x00000000c4a00000, 0x00000000c4900000| Untracked 
|  12|0x00000000c4a00000, 0x00000000c4b00000, 0x00000000c4b00000|100%| O|  |TAMS 0x00000000c4b00000, 0x00000000c4a00000| Untracked 
|  13|0x00000000c4b00000, 0x00000000c4c00000, 0x00000000c4c00000|100%| O|  |TAMS 0x00000000c4c00000, 0x00000000c4b00000| Untracked 
|  14|0x00000000c4c00000, 0x00000000c4d00000, 0x00000000c4d00000|100%| O|  |TAMS 0x00000000c4c5f400, 0x00000000c4c00000| Untracked 
|  15|0x00000000c4d00000, 0x00000000c4e00000, 0x00000000c4e00000|100%| O|  |TAMS 0x00000000c4d00000, 0x00000000c4d00000| Untracked 
|  16|0x00000000c4e00000, 0x00000000c4f00000, 0x00000000c4f00000|100%| O|  |TAMS 0x00000000c4e00000, 0x00000000c4e00000| Untracked 
|  17|0x00000000c4f00000, 0x00000000c5000000, 0x00000000c5000000|100%| O|  |TAMS 0x00000000c4f00000, 0x00000000c4f00000| Untracked 
|  18|0x00000000c5000000, 0x00000000c5100000, 0x00000000c5100000|100%| O|  |TAMS 0x00000000c5000000, 0x00000000c5000000| Untracked 
|  19|0x00000000c5100000, 0x00000000c5200000, 0x00000000c5200000|100%| O|  |TAMS 0x00000000c5100000, 0x00000000c5100000| Untracked 
|  20|0x00000000c5200000, 0x00000000c5300000, 0x00000000c5300000|100%| O|  |TAMS 0x00000000c5200000, 0x00000000c5200000| Untracked 
|  21|0x00000000c5300000, 0x00000000c5400000, 0x00000000c5400000|100%| O|  |TAMS 0x00000000c5300000, 0x00000000c5300000| Untracked 
|  22|0x00000000c5400000, 0x00000000c5500000, 0x00000000c5500000|100%| O|  |TAMS 0x00000000c5400000, 0x00000000c5400000| Untracked 
|  23|0x00000000c5500000, 0x00000000c5600000, 0x00000000c5600000|100%| O|  |TAMS 0x00000000c5500000, 0x00000000c5500000| Untracked 
|  24|0x00000000c5600000, 0x00000000c5652800, 0x00000000c5700000| 32%| O|  |TAMS 0x00000000c5600000, 0x00000000c5600000| Untracked 
|  25|0x00000000c5700000, 0x00000000c5700000, 0x00000000c5800000|  0%| F|  |TAMS 0x00000000c5700000, 0x00000000c5700000| Untracked 
|  26|0x00000000c5800000, 0x00000000c5800000, 0x00000000c5900000|  0%| F|  |TAMS 0x00000000c5800000, 0x00000000c5800000| Untracked 
|  27|0x00000000c5900000, 0x00000000c5900000, 0x00000000c5a00000|  0%| F|  |TAMS 0x00000000c5900000, 0x00000000c5900000| Untracked 
|  28|0x00000000c5a00000, 0x00000000c5a00000, 0x00000000c5b00000|  0%| F|  |TAMS 0x00000000c5a00000, 0x00000000c5a00000| Untracked 
|  29|0x00000000c5b00000, 0x00000000c5b00000, 0x00000000c5c00000|  0%| F|  |TAMS 0x00000000c5b00000, 0x00000000c5b00000| Untracked 
|  30|0x00000000c5c00000, 0x00000000c5c00000, 0x00000000c5d00000|  0%| F|  |TAMS 0x00000000c5c00000, 0x00000000c5c00000| Untracked 
|  31|0x00000000c5d00000, 0x00000000c5d00000, 0x00000000c5e00000|  0%| F|  |TAMS 0x00000000c5d00000, 0x00000000c5d00000| Untracked 
|  32|0x00000000c5e00000, 0x00000000c5e00000, 0x00000000c5f00000|  0%| F|  |TAMS 0x00000000c5e00000, 0x00000000c5e00000| Untracked 
|  33|0x00000000c5f00000, 0x00000000c5f00000, 0x00000000c6000000|  0%| F|  |TAMS 0x00000000c5f00000, 0x00000000c5f00000| Untracked 
|  34|0x00000000c6000000, 0x00000000c6000000, 0x00000000c6100000|  0%| F|  |TAMS 0x00000000c6000000, 0x00000000c6000000| Untracked 
|  35|0x00000000c6100000, 0x00000000c6100000, 0x00000000c6200000|  0%| F|  |TAMS 0x00000000c6100000, 0x00000000c6100000| Untracked 
|  36|0x00000000c6200000, 0x00000000c6200000, 0x00000000c6300000|  0%| F|  |TAMS 0x00000000c6200000, 0x00000000c6200000| Untracked 
|  37|0x00000000c6300000, 0x00000000c6300000, 0x00000000c6400000|  0%| F|  |TAMS 0x00000000c6300000, 0x00000000c6300000| Untracked 
|  38|0x00000000c6400000, 0x00000000c6400000, 0x00000000c6500000|  0%| F|  |TAMS 0x00000000c6400000, 0x00000000c6400000| Untracked 
|  39|0x00000000c6500000, 0x00000000c6500000, 0x00000000c6600000|  0%| F|  |TAMS 0x00000000c6500000, 0x00000000c6500000| Untracked 
|  40|0x00000000c6600000, 0x00000000c6600000, 0x00000000c6700000|  0%| F|  |TAMS 0x00000000c6600000, 0x00000000c6600000| Untracked 
|  41|0x00000000c6700000, 0x00000000c6700000, 0x00000000c6800000|  0%| F|  |TAMS 0x00000000c6700000, 0x00000000c6700000| Untracked 
|  42|0x00000000c6800000, 0x00000000c6800000, 0x00000000c6900000|  0%| F|  |TAMS 0x00000000c6800000, 0x00000000c6800000| Untracked 
|  43|0x00000000c6900000, 0x00000000c6900000, 0x00000000c6a00000|  0%| F|  |TAMS 0x00000000c6900000, 0x00000000c6900000| Untracked 
|  44|0x00000000c6a00000, 0x00000000c6a00000, 0x00000000c6b00000|  0%| F|  |TAMS 0x00000000c6a00000, 0x00000000c6a00000| Untracked 
|  45|0x00000000c6b00000, 0x00000000c6b00000, 0x00000000c6c00000|  0%| F|  |TAMS 0x00000000c6b00000, 0x00000000c6b00000| Untracked 
|  46|0x00000000c6c00000, 0x00000000c6c00000, 0x00000000c6d00000|  0%| F|  |TAMS 0x00000000c6c00000, 0x00000000c6c00000| Untracked 
|  47|0x00000000c6d00000, 0x00000000c6d00000, 0x00000000c6e00000|  0%| F|  |TAMS 0x00000000c6d00000, 0x00000000c6d00000| Untracked 
|  48|0x00000000c6e00000, 0x00000000c6e00000, 0x00000000c6f00000|  0%| F|  |TAMS 0x00000000c6e00000, 0x00000000c6e00000| Untracked 
|  49|0x00000000c6f00000, 0x00000000c6f00000, 0x00000000c7000000|  0%| F|  |TAMS 0x00000000c6f00000, 0x00000000c6f00000| Untracked 
|  50|0x00000000c7000000, 0x00000000c7000000, 0x00000000c7100000|  0%| F|  |TAMS 0x00000000c7000000, 0x00000000c7000000| Untracked 
|  51|0x00000000c7100000, 0x00000000c7100000, 0x00000000c7200000|  0%| F|  |TAMS 0x00000000c7100000, 0x00000000c7100000| Untracked 
|  52|0x00000000c7200000, 0x00000000c7280000, 0x00000000c7300000| 50%| S|CS|TAMS 0x00000000c7200000, 0x00000000c7200000| Complete 
|  53|0x00000000c7300000, 0x00000000c7400000, 0x00000000c7400000|100%| S|CS|TAMS 0x00000000c7300000, 0x00000000c7300000| Complete 
|  54|0x00000000c7400000, 0x00000000c7500000, 0x00000000c7500000|100%| S|CS|TAMS 0x00000000c7400000, 0x00000000c7400000| Complete 
|  55|0x00000000c7500000, 0x00000000c7500000, 0x00000000c7600000|  0%| F|  |TAMS 0x00000000c7500000, 0x00000000c7500000| Untracked 
|  56|0x00000000c7600000, 0x00000000c7600000, 0x00000000c7700000|  0%| F|  |TAMS 0x00000000c7600000, 0x00000000c7600000| Untracked 
|  57|0x00000000c7700000, 0x00000000c7700000, 0x00000000c7800000|  0%| F|  |TAMS 0x00000000c7700000, 0x00000000c7700000| Untracked 
|  58|0x00000000c7800000, 0x00000000c7800000, 0x00000000c7900000|  0%| F|  |TAMS 0x00000000c7800000, 0x00000000c7800000| Untracked 
|  59|0x00000000c7900000, 0x00000000c7900000, 0x00000000c7a00000|  0%| F|  |TAMS 0x00000000c7900000, 0x00000000c7900000| Untracked 
|  60|0x00000000c7a00000, 0x00000000c7a00000, 0x00000000c7b00000|  0%| F|  |TAMS 0x00000000c7a00000, 0x00000000c7a00000| Untracked 
|  61|0x00000000c7b00000, 0x00000000c7b00000, 0x00000000c7c00000|  0%| F|  |TAMS 0x00000000c7b00000, 0x00000000c7b00000| Untracked 
|  62|0x00000000c7c00000, 0x00000000c7c00000, 0x00000000c7d00000|  0%| F|  |TAMS 0x00000000c7c00000, 0x00000000c7c00000| Untracked 
|  63|0x00000000c7d00000, 0x00000000c7d00000, 0x00000000c7e00000|  0%| F|  |TAMS 0x00000000c7d00000, 0x00000000c7d00000| Untracked 
|  64|0x00000000c7e00000, 0x00000000c7e00000, 0x00000000c7f00000|  0%| F|  |TAMS 0x00000000c7e00000, 0x00000000c7e00000| Untracked 
|  65|0x00000000c7f00000, 0x00000000c7f00000, 0x00000000c8000000|  0%| F|  |TAMS 0x00000000c7f00000, 0x00000000c7f00000| Untracked 
|  66|0x00000000c8000000, 0x00000000c8000000, 0x00000000c8100000|  0%| F|  |TAMS 0x00000000c8000000, 0x00000000c8000000| Untracked 
|  67|0x00000000c8100000, 0x00000000c8100000, 0x00000000c8200000|  0%| F|  |TAMS 0x00000000c8100000, 0x00000000c8100000| Untracked 
|  68|0x00000000c8200000, 0x00000000c8200000, 0x00000000c8300000|  0%| F|  |TAMS 0x00000000c8200000, 0x00000000c8200000| Untracked 
|  69|0x00000000c8300000, 0x00000000c8300000, 0x00000000c8400000|  0%| F|  |TAMS 0x00000000c8300000, 0x00000000c8300000| Untracked 
|  70|0x00000000c8400000, 0x00000000c8400000, 0x00000000c8500000|  0%| F|  |TAMS 0x00000000c8400000, 0x00000000c8400000| Untracked 
|  71|0x00000000c8500000, 0x00000000c8500000, 0x00000000c8600000|  0%| F|  |TAMS 0x00000000c8500000, 0x00000000c8500000| Untracked 
|  72|0x00000000c8600000, 0x00000000c8600000, 0x00000000c8700000|  0%| F|  |TAMS 0x00000000c8600000, 0x00000000c8600000| Untracked 
|  73|0x00000000c8700000, 0x00000000c8700000, 0x00000000c8800000|  0%| F|  |TAMS 0x00000000c8700000, 0x00000000c8700000| Untracked 
|  74|0x00000000c8800000, 0x00000000c8800000, 0x00000000c8900000|  0%| F|  |TAMS 0x00000000c8800000, 0x00000000c8800000| Untracked 
|  75|0x00000000c8900000, 0x00000000c8900000, 0x00000000c8a00000|  0%| F|  |TAMS 0x00000000c8900000, 0x00000000c8900000| Untracked 
|  76|0x00000000c8a00000, 0x00000000c8a00000, 0x00000000c8b00000|  0%| F|  |TAMS 0x00000000c8a00000, 0x00000000c8a00000| Untracked 
|  77|0x00000000c8b00000, 0x00000000c8b00000, 0x00000000c8c00000|  0%| F|  |TAMS 0x00000000c8b00000, 0x00000000c8b00000| Untracked 
|  78|0x00000000c8c00000, 0x00000000c8c00000, 0x00000000c8d00000|  0%| F|  |TAMS 0x00000000c8c00000, 0x00000000c8c00000| Untracked 
|  79|0x00000000c8d00000, 0x00000000c8d00000, 0x00000000c8e00000|  0%| F|  |TAMS 0x00000000c8d00000, 0x00000000c8d00000| Untracked 
|  80|0x00000000c8e00000, 0x00000000c8e00000, 0x00000000c8f00000|  0%| F|  |TAMS 0x00000000c8e00000, 0x00000000c8e00000| Untracked 
|  81|0x00000000c8f00000, 0x00000000c8f00000, 0x00000000c9000000|  0%| F|  |TAMS 0x00000000c8f00000, 0x00000000c8f00000| Untracked 
|  82|0x00000000c9000000, 0x00000000c9000000, 0x00000000c9100000|  0%| F|  |TAMS 0x00000000c9000000, 0x00000000c9000000| Untracked 
|  83|0x00000000c9100000, 0x00000000c9100000, 0x00000000c9200000|  0%| F|  |TAMS 0x00000000c9100000, 0x00000000c9100000| Untracked 
|  84|0x00000000c9200000, 0x00000000c9200000, 0x00000000c9300000|  0%| F|  |TAMS 0x00000000c9200000, 0x00000000c9200000| Untracked 
|  85|0x00000000c9300000, 0x00000000c9300000, 0x00000000c9400000|  0%| F|  |TAMS 0x00000000c9300000, 0x00000000c9300000| Untracked 
|  86|0x00000000c9400000, 0x00000000c9400000, 0x00000000c9500000|  0%| F|  |TAMS 0x00000000c9400000, 0x00000000c9400000| Untracked 
|  87|0x00000000c9500000, 0x00000000c9500000, 0x00000000c9600000|  0%| F|  |TAMS 0x00000000c9500000, 0x00000000c9500000| Untracked 
|  88|0x00000000c9600000, 0x00000000c9600000, 0x00000000c9700000|  0%| F|  |TAMS 0x00000000c9600000, 0x00000000c9600000| Untracked 
|  89|0x00000000c9700000, 0x00000000c9700000, 0x00000000c9800000|  0%| F|  |TAMS 0x00000000c9700000, 0x00000000c9700000| Untracked 
|  90|0x00000000c9800000, 0x00000000c9800000, 0x00000000c9900000|  0%| F|  |TAMS 0x00000000c9800000, 0x00000000c9800000| Untracked 
|  91|0x00000000c9900000, 0x00000000c9900000, 0x00000000c9a00000|  0%| F|  |TAMS 0x00000000c9900000, 0x00000000c9900000| Untracked 
|  92|0x00000000c9a00000, 0x00000000c9a00000, 0x00000000c9b00000|  0%| F|  |TAMS 0x00000000c9a00000, 0x00000000c9a00000| Untracked 
| 960|0x00000000ffe00000, 0x00000000ffe44000, 0x00000000fff00000| 26%|OA|  |TAMS 0x00000000ffe44000, 0x00000000ffe00000| Untracked 
| 961|0x00000000fff00000, 0x00000000fff6a000, 0x0000000100000000| 41%|CA|  |TAMS 0x00000000fff6a000, 0x00000000fff00000| Untracked 

Card table byte_map: [0x00007f0350f4c000,0x00007f035112d000] _byte_map_base: 0x00007f035092d000

Marking Bits (Prev, Next): (CMBitMap*) 0x00007f034c044010, (CMBitMap*) 0x00007f034c043fd8
 Prev Bits: [0x00007f032e1f0000, 0x00007f032f0f8000)
 Next Bits: [0x00007f032f0f8000, 0x00007f0330000000)

Polling page: 0x00007f0355841000

Metaspace:

Usage:
  Non-class:     24.25 MB capacity,    23.50 MB ( 97%) used,   710.23 KB (  3%) free+waste,    52.50 KB ( <1%) overhead. 
      Class:      3.31 MB capacity,     3.01 MB ( 91%) used,   282.44 KB (  8%) free+waste,    24.06 KB ( <1%) overhead. 
       Both:     27.56 MB capacity,    26.52 MB ( 96%) used,   992.66 KB (  4%) free+waste,    76.56 KB ( <1%) overhead. 

Virtual space:
  Non-class space:       26.00 MB reserved,      24.50 MB ( 94%) committed 
      Class space:        1.00 GB reserved,       3.38 MB ( <1%) committed 
             Both:        1.03 GB reserved,      27.88 MB (  3%) committed 

Chunk freelists:
   Non-Class:  125.00 KB
       Class:  1.00 KB
        Both:  126.00 KB

MaxMetaspaceSize: unlimited
CompressedClassSpaceSize: 1.00 GB

CodeHeap 'non-profiled nmethods': size=120032Kb used=2195Kb max_used=2341Kb free=117836Kb
 bounds [0x00007f033c406000, 0x00007f033c676000, 0x00007f034393e000]
CodeHeap 'profiled nmethods': size=120032Kb used=9359Kb max_used=10281Kb free=110672Kb
 bounds [0x00007f0334ece000, 0x00007f03358fe000, 0x00007f033c406000]
CodeHeap 'non-nmethods': size=5696Kb used=1141Kb max_used=1170Kb free=4554Kb
 bounds [0x00007f033493e000, 0x00007f0334bae000, 0x00007f0334ece000]
 total_blobs=6828 nmethods=4627 adapters=386
 compilation: enabled
              stopped_count=0, restarted_count=0
 full_count=0

Compilation events (20 events):
Event: 55.414 Thread 0x00007f034c0c8800 nmethod 5500 0x00007f033c4d4090 code [0x00007f033c4d4260, 0x00007f033c4d4818]
Event: 55.415 Thread 0x00007f034c0c8800 5512       4       sun.nio.fs.UnixPath::normalizeAndCheck (75 bytes)
Event: 55.433 Thread 0x00007f034c0c8800 nmethod 5512 0x00007f033c4c9190 code [0x00007f033c4c9340, 0x00007f033c4c9518]
Event: 55.434 Thread 0x00007f034c0c8800 5510   !   4       java.lang.reflect.Field::declaredAnnotations (82 bytes)
Event: 55.461 Thread 0x00007f034c0ca800 5515       3       org.eclipse.sisu.wire.ElementAnalyzer::visit (142 bytes)
Event: 55.463 Thread 0x00007f034c0ca800 nmethod 5515 0x00007f03350d8690 code [0x00007f03350d8900, 0x00007f03350d95a8]
Event: 55.497 Thread 0x00007f034c0ca800 5517       3       org.eclipse.sisu.space.asm.ByteVector::putUTF8 (142 bytes)
Event: 55.501 Thread 0x00007f034c0ca800 nmethod 5517 0x00007f033511b090 code [0x00007f033511b320, 0x00007f033511bee8]
Event: 55.501 Thread 0x00007f034c0ca800 5518       3       com.google.common.cache.LocalCache$WeakEntry::getKey (5 bytes)
Event: 55.502 Thread 0x00007f034c0ca800 nmethod 5518 0x00007f0335027890 code [0x00007f0335027a40, 0x00007f0335027c70]
Event: 55.502 Thread 0x00007f034c0ca800 5519       3       java.lang.ClassLoader::definePackage (53 bytes)
Event: 55.503 Thread 0x00007f034c0ca800 nmethod 5519 0x00007f03350b5110 code [0x00007f03350b5320, 0x00007f03350b5918]
Event: 55.505 Thread 0x00007f034c0ca800 5520       3       java.net.URLClassLoader::definePackage (272 bytes)
Event: 55.509 Thread 0x00007f034c0ca800 nmethod 5520 0x00007f0335342f10 code [0x00007f0335343420, 0x00007f0335346498]
Event: 55.562 Thread 0x00007f034c0c8800 nmethod 5510 0x00007f033c4e0910 code [0x00007f033c4e0bc0, 0x00007f033c4e21b8]
Event: 55.574 Thread 0x00007f034c0c8800 5508       4       java.lang.Class::reflectionData (43 bytes)
Event: 55.734 Thread 0x00007f034c0c8800 nmethod 5508 0x00007f033c4d3210 code [0x00007f033c4d3400, 0x00007f033c4d3d98]
Event: 55.786 Thread 0x00007f034c0c8800 5521 % !   4       java.util.jar.Attributes::read @ 185 (388 bytes)
Event: 56.046 Thread 0x00007f034c0ca800 5522       3       java.lang.ClassLoader::addClass (9 bytes)
Event: 56.106 Thread 0x00007f034c0ca800 nmethod 5522 0x00007f03350cdd10 code [0x00007f03350cdf20, 0x00007f03350ce838]

GC Heap History (19 events):
Event: 0.821 GC heap before
{Heap before GC invocations=0 (full 0):
 garbage-first heap   total 65536K, used 14008K [0x00000000c3e00000, 0x0000000100000000)
  region size 1024K, 14 young (14336K), 0 survivors (0K)
 Metaspace       used 3923K, capacity 6961K, committed 7296K, reserved 1056768K
  class space    used 465K, capacity 792K, committed 896K, reserved 1048576K
}
Event: 0.838 GC heap after
{Heap after GC invocations=1 (full 0):
 garbage-first heap   total 65536K, used 3206K [0x00000000c3e00000, 0x0000000100000000)
  region size 1024K, 2 young (2048K), 2 survivors (2048K)
 Metaspace       used 3923K, capacity 6961K, committed 7296K, reserved 1056768K
  class space    used 465K, capacity 792K, committed 896K, reserved 1048576K
}
Event: 1.088 GC heap before
{Heap before GC invocations=1 (full 0):
 garbage-first heap   total 65536K, used 15494K [0x00000000c3e00000, 0x0000000100000000)
  region size 1024K, 14 young (14336K), 2 survivors (2048K)
 Metaspace       used 5238K, capacity 7741K, committed 7936K, reserved 1056768K
  class space    used 656K, capacity 924K, committed 1024K, reserved 1048576K
}
Event: 1.106 GC heap after
{Heap after GC invocations=2 (full 0):
 garbage-first heap   total 65536K, used 3754K [0x00000000c3e00000, 0x0000000100000000)
  region size 1024K, 1 young (1024K), 1 survivors (1024K)
 Metaspace       used 5238K, capacity 7741K, committed 7936K, reserved 1056768K
  class space    used 656K, capacity 924K, committed 1024K, reserved 1048576K
}
Event: 1.996 GC heap before
{Heap before GC invocations=2 (full 0):
 garbage-first heap   total 65536K, used 30378K [0x00000000c3e00000, 0x0000000100000000)
  region size 1024K, 27 young (27648K), 1 survivors (1024K)
 Metaspace       used 9889K, capacity 11988K, committed 12288K, reserved 1060864K
  class space    used 1227K, capacity 1483K, committed 1536K, reserved 1048576K
}
Event: 2.026 GC heap after
{Heap after GC invocations=3 (full 0):
 garbage-first heap   total 65536K, used 5092K [0x00000000c3e00000, 0x0000000100000000)
  region size 1024K, 2 young (2048K), 2 survivors (2048K)
 Metaspace       used 9889K, capacity 11988K, committed 12288K, reserved 1060864K
  class space    used 1227K, capacity 1483K, committed 1536K, reserved 1048576K
}
Event: 3.522 GC heap before
{Heap before GC invocations=3 (full 0):
 garbage-first heap   total 65536K, used 36836K [0x00000000c3e00000, 0x0000000100000000)
  region size 1024K, 33 young (33792K), 2 survivors (2048K)
 Metaspace       used 13635K, capacity 15151K, committed 15488K, reserved 1062912K
  class space    used 1630K, capacity 1845K, committed 1920K, reserved 1048576K
}
Event: 3.549 GC heap after
{Heap after GC invocations=4 (full 0):
 garbage-first heap   total 65536K, used 7788K [0x00000000c3e00000, 0x0000000100000000)
  region size 1024K, 5 young (5120K), 5 survivors (5120K)
 Metaspace       used 13635K, capacity 15151K, committed 15488K, reserved 1062912K
  class space    used 1630K, capacity 1845K, committed 1920K, reserved 1048576K
}
Event: 4.798 GC heap before
{Heap before GC invocations=4 (full 0):
 garbage-first heap   total 65536K, used 40556K [0x00000000c3e00000, 0x0000000100000000)
  region size 1024K, 37 young (37888K), 5 survivors (5120K)
 Metaspace       used 14331K, capacity 15720K, committed 16000K, reserved 1062912K
  class space    used 1661K, capacity 1885K, committed 1920K, reserved 1048576K
}
Event: 4.915 GC heap after
{Heap after GC invocations=5 (full 0):
 garbage-first heap   total 97280K, used 11902K [0x00000000c3e00000, 0x0000000100000000)
  region size 1024K, 5 young (5120K), 5 survivors (5120K)
 Metaspace       used 14331K, capacity 15720K, committed 16000K, reserved 1062912K
  class space    used 1661K, capacity 1885K, committed 1920K, reserved 1048576K
}
Event: 9.053 GC heap before
{Heap before GC invocations=5 (full 0):
 garbage-first heap   total 97280K, used 56958K [0x00000000c3e00000, 0x0000000100000000)
  region size 1024K, 49 young (50176K), 5 survivors (5120K)
 Metaspace       used 14715K, capacity 16069K, committed 16256K, reserved 1062912K
  class space    used 1688K, capacity 1895K, committed 1920K, reserved 1048576K
}
Event: 9.128 GC heap after
{Heap after GC invocations=6 (full 0):
 garbage-first heap   total 97280K, used 16017K [0x00000000c3e00000, 0x0000000100000000)
  region size 1024K, 5 young (5120K), 5 survivors (5120K)
 Metaspace       used 14715K, capacity 16069K, committed 16256K, reserved 1062912K
  class space    used 1688K, capacity 1895K, committed 1920K, reserved 1048576K
}
Event: 20.159 GC heap before
{Heap before GC invocations=6 (full 0):
 garbage-first heap   total 97280K, used 65169K [0x00000000c3e00000, 0x0000000100000000)
  region size 1024K, 53 young (54272K), 5 survivors (5120K)
 Metaspace       used 16174K, capacity 17538K, committed 17792K, reserved 1064960K
  class space    used 1832K, capacity 2081K, committed 2176K, reserved 1048576K
}
Event: 20.231 GC heap after
{Heap after GC invocations=7 (full 0):
 garbage-first heap   total 97280K, used 18485K [0x00000000c3e00000, 0x0000000100000000)
  region size 1024K, 3 young (3072K), 3 survivors (3072K)
 Metaspace       used 16174K, capacity 17538K, committed 17792K, reserved 1064960K
  class space    used 1832K, capacity 2081K, committed 2176K, reserved 1048576K
}
Event: 26.894 GC heap before
{Heap before GC invocations=7 (full 0):
 garbage-first heap   total 97280K, used 41013K [0x00000000c3e00000, 0x0000000100000000)
  region size 1024K, 26 young (26624K), 3 survivors (3072K)
 Metaspace       used 19875K, capacity 21023K, committed 21248K, reserved 1069056K
  class space    used 2309K, capacity 2521K, committed 2560K, reserved 1048576K
}
Event: 26.929 GC heap after
{Heap after GC invocations=8 (full 0):
 garbage-first heap   total 97280K, used 19509K [0x00000000c3e00000, 0x0000000100000000)
  region size 1024K, 4 young (4096K), 4 survivors (4096K)
 Metaspace       used 19875K, capacity 21023K, committed 21248K, reserved 1069056K
  class space    used 2309K, capacity 2521K, committed 2560K, reserved 1048576K
}
Event: 36.996 GC heap before
{Heap before GC invocations=9 (full 0):
 garbage-first heap   total 97280K, used 62517K [0x00000000c3e00000, 0x0000000100000000)
  region size 1024K, 46 young (47104K), 4 survivors (4096K)
 Metaspace       used 25582K, capacity 26547K, committed 26880K, reserved 1073152K
  class space    used 2932K, capacity 3234K, committed 3328K, reserved 1048576K
}
Event: 37.206 GC heap after
{Heap after GC invocations=10 (full 0):
 garbage-first heap   total 97280K, used 26388K [0x00000000c3e00000, 0x0000000100000000)
  region size 1024K, 6 young (6144K), 6 survivors (6144K)
 Metaspace       used 25582K, capacity 26547K, committed 26880K, reserved 1073152K
  class space    used 2932K, capacity 3234K, committed 3328K, reserved 1048576K
}
Event: 56.170 GC heap before
{Heap before GC invocations=10 (full 0):
 garbage-first heap   total 97280K, used 65300K [0x00000000c3e00000, 0x0000000100000000)
  region size 1024K, 44 young (45056K), 6 survivors (6144K)
 Metaspace       used 27152K, capacity 28222K, committed 28544K, reserved 1075200K
  class space    used 3084K, capacity 3391K, committed 3456K, reserved 1048576K
}

Deoptimization events (20 events):
Event: 53.779 Thread 0x00007f034c015000 DEOPT PACKING pc=0x00007f033c45564c sp=0x00007f035581bd70
Event: 53.779 Thread 0x00007f034c015000 DEOPT UNPACKING pc=0x00007f0334966a25 sp=0x00007f035581bd50 mode 2
Event: 53.779 Thread 0x00007f034c015000 Uncommon trap: trap_request=0xffffffbe fr.pc=0x00007f033c45564c relative=0x000000000000116c
Event: 53.779 Thread 0x00007f034c015000 Uncommon trap: reason=profile_predicate action=maybe_recompile pc=0x00007f033c45564c method=java.util.concurrent.ConcurrentHashMap.putAll(Ljava/util/Map;)V @ 28 c2
Event: 53.779 Thread 0x00007f034c015000 DEOPT PACKING pc=0x00007f033c45564c sp=0x00007f035581bd70
Event: 53.779 Thread 0x00007f034c015000 DEOPT UNPACKING pc=0x00007f0334966a25 sp=0x00007f035581bd50 mode 2
Event: 53.780 Thread 0x00007f034c015000 Uncommon trap: trap_request=0xffffffbe fr.pc=0x00007f033c45564c relative=0x000000000000116c
Event: 53.780 Thread 0x00007f034c015000 Uncommon trap: reason=profile_predicate action=maybe_recompile pc=0x00007f033c45564c method=java.util.concurrent.ConcurrentHashMap.putAll(Ljava/util/Map;)V @ 28 c2
Event: 53.780 Thread 0x00007f034c015000 DEOPT PACKING pc=0x00007f033c45564c sp=0x00007f035581bd70
Event: 53.780 Thread 0x00007f034c015000 DEOPT UNPACKING pc=0x00007f0334966a25 sp=0x00007f035581bd50 mode 2
Event: 55.280 Thread 0x00007f034c015000 DEOPT PACKING pc=0x00007f03350b1350 sp=0x00007f035581c950
Event: 55.280 Thread 0x00007f034c015000 DEOPT UNPACKING pc=0x00007f033496683a sp=0x00007f035581be08 mode 0
Event: 55.316 Thread 0x00007f034c015000 DEOPT PACKING pc=0x00007f03350b1350 sp=0x00007f035581c8d0
Event: 55.316 Thread 0x00007f034c015000 DEOPT UNPACKING pc=0x00007f033496683a sp=0x00007f035581bd88 mode 0
Event: 55.362 Thread 0x00007f034c015000 DEOPT PACKING pc=0x00007f03350f8307 sp=0x00007f0355817860
Event: 55.362 Thread 0x00007f034c015000 DEOPT UNPACKING pc=0x00007f033496683a sp=0x00007f0355816df8 mode 0
Event: 55.363 Thread 0x00007f034c015000 DEOPT PACKING pc=0x00007f03350cacad sp=0x00007f0355817f80
Event: 55.363 Thread 0x00007f034c015000 DEOPT UNPACKING pc=0x00007f033496683a sp=0x00007f0355817410 mode 0
Event: 55.396 Thread 0x00007f034c015000 DEOPT PACKING pc=0x00007f03350f2251 sp=0x00007f035581c4d0
Event: 55.396 Thread 0x00007f034c015000 DEOPT UNPACKING pc=0x00007f033496683a sp=0x00007f035581ba00 mode 0

Classes redefined (0 events):
No events

Internal exceptions (20 events):
Event: 2.430 Thread 0x00007f034c015000 Exception <a 'java/lang/NoClassDefFoundError'{0x00000000c72f8fc0}: com/google/inject/servlet/ServletModuleTargetVisitor> (0x00000000c72f8fc0) thrown at [/build/openjdk-lts-ioLltV/openjdk-lts-11.0.5+10/src/hotspot/share/classfile/systemDictionary.cpp, line
Event: 2.431 Thread 0x00007f034c015000 Exception <a 'java/lang/NoClassDefFoundError'{0x00000000c72f8fc0}> (0x00000000c72f8fc0) thrown at [/build/openjdk-lts-ioLltV/openjdk-lts-11.0.5+10/src/hotspot/share/prims/jvm.cpp, line 1301]
Event: 3.016 Thread 0x00007f034c015000 Implicit null exception at 0x00007f033c429304 to 0x00007f033c429822
Event: 3.016 Thread 0x00007f034c015000 Implicit null exception at 0x00007f033c429e04 to 0x00007f033c42a336
Event: 5.603 Thread 0x00007f034c015000 Implicit null exception at 0x00007f033c468385 to 0x00007f033c468562
Event: 5.604 Thread 0x00007f034c015000 Implicit null exception at 0x00007f033c4710af to 0x00007f033c47112d
Event: 26.494 Thread 0x00007f034c015000 Exception <a 'java/lang/NoSuchMethodError'{0x00000000c8581ad0}: 'int java.lang.invoke.DirectMethodHandle$Holder.invokeVirtual(java.lang.Object, java.lang.Object, java.lang.Object)'> (0x00000000c8581ad0) thrown at [/build/openjdk-lts-ioLltV/openjdk-lts-11.
Event: 27.060 Thread 0x00007f034c015000 Exception <a 'java/lang/NoSuchMethodError'{0x00000000c9a1bfa8}: 'int java.lang.invoke.DirectMethodHandle$Holder.invokeStaticInit(java.lang.Object, java.lang.Object)'> (0x00000000c9a1bfa8) thrown at [/build/openjdk-lts-ioLltV/openjdk-lts-11.0.5+10/src/hots
Event: 27.954 Thread 0x00007f034c015000 Exception <a 'java/lang/NoSuchMethodError'{0x00000000c9af35a8}: 'int java.lang.invoke.DirectMethodHandle$Holder.invokeVirtual(java.lang.Object, java.lang.Object)'> (0x00000000c9af35a8) thrown at [/build/openjdk-lts-ioLltV/openjdk-lts-11.0.5+10/src/hotspot
Event: 28.199 Thread 0x00007f034c015000 Exception <a 'java/lang/NoSuchMethodError'{0x00000000c9922630}: 'java.lang.Object java.lang.invoke.Invokers$Holder.linkToTargetMethod(java.lang.Object, java.lang.Object, java.lang.Object, java.lang.Object, java.lang.Object, java.lang.Object)'> (0x00000000
Event: 31.832 Thread 0x00007f034c015000 Exception <a 'java/lang/NoSuchMethodError'{0x00000000c92f5548}: 'java.lang.Object java.lang.invoke.DirectMethodHandle$Holder.invokeStatic(java.lang.Object, int, java.lang.Object)'> (0x00000000c92f5548) thrown at [/build/openjdk-lts-ioLltV/openjdk-lts-11.0
Event: 32.062 Thread 0x00007f034c015000 Implicit null exception at 0x00007f033c5f0a2c to 0x00007f033c5f0bdc
Event: 32.657 Thread 0x00007f034c015000 Exception <a 'java/lang/NoSuchMethodError'{0x00000000c86cd218}: 'int java.lang.invoke.DirectMethodHandle$Holder.invokeSpecial(java.lang.Object, java.lang.Object, java.lang.Object, java.lang.Object, java.lang.Object)'> (0x00000000c86cd218) thrown at [/buil
Event: 34.597 Thread 0x00007f034c015000 Exception <a 'sun/nio/fs/UnixException'{0x00000000c6e8b210}> (0x00000000c6e8b210) thrown at [/build/openjdk-lts-ioLltV/openjdk-lts-11.0.5+10/src/hotspot/share/prims/jni.cpp, line 615]
Event: 34.600 Thread 0x00007f034c015000 Exception <a 'sun/nio/fs/UnixException'{0x00000000c6e8b8f8}> (0x00000000c6e8b8f8) thrown at [/build/openjdk-lts-ioLltV/openjdk-lts-11.0.5+10/src/hotspot/share/prims/jni.cpp, line 615]
Event: 34.600 Thread 0x00007f034c015000 Exception <a 'sun/nio/fs/UnixException'{0x00000000c6e8bfc8}> (0x00000000c6e8bfc8) thrown at [/build/openjdk-lts-ioLltV/openjdk-lts-11.0.5+10/src/hotspot/share/prims/jni.cpp, line 615]
Event: 36.621 Thread 0x00007f034c015000 Exception <a 'java/lang/NoSuchMethodError'{0x00000000c6d01dc8}: 'int java.lang.invoke.DirectMethodHandle$Holder.invokeSpecial(java.lang.Object, java.lang.Object, java.lang.Object, java.lang.Object)'> (0x00000000c6d01dc8) thrown at [/build/openjdk-lts-ioLl
Event: 50.174 Thread 0x00007f034c015000 Exception <a 'java/lang/NoSuchMethodError'{0x00000000c87a4578}: 'java.lang.String org.apache.maven.execution.MavenExecutionRequest.getFailureBehavior()'> (0x00000000c87a4578) thrown at [/build/openjdk-lts-ioLltV/openjdk-lts-11.0.5+10/src/hotspot/share/int
Event: 51.763 Thread 0x00007f034ce38000 Exception <a 'java/lang/NoSuchMethodError'{0x00000000c8849100}: 'java.lang.Object java.lang.invoke.DirectMethodHandle$Holder.invokeStaticInit(java.lang.Object, java.lang.Object, long, java.lang.Object)'> (0x00000000c8849100) thrown at [/build/openjdk-lts-
Event: 52.326 Thread 0x00007f034ce38000 Exception <a 'java/lang/NoSuchMethodError'{0x00000000c8855220}: 'java.lang.Object java.lang.invoke.Invokers$Holder.linkToTargetMethod(java.lang.Object, long, java.lang.Object)'> (0x00000000c8855220) thrown at [/build/openjdk-lts-ioLltV/openjdk-lts-11.0.5+

Events (20 events):
Event: 56.117 loading class org/codehaus/plexus/components/io/filemappers/AbstractFileMapper done
Event: 56.120 loading class javax/annotation/Nonnull
Event: 56.120 loading class javax/annotation/Nonnull done
Event: 56.122 loading class javax/annotation/Nonnull
Event: 56.122 loading class javax/annotation/Nonnull done
Event: 56.122 loading class javax/annotation/Nonnull
Event: 56.122 loading class javax/annotation/Nonnull done
Event: 56.134 loading class javax/annotation/Nonnull
Event: 56.134 loading class javax/annotation/Nonnull done
Event: 56.135 loading class javax/annotation/Nonnull
Event: 56.135 loading class javax/annotation/Nonnull done
Event: 56.135 loading class javax/annotation/Nonnull
Event: 56.135 loading class javax/annotation/Nonnull done
Event: 56.135 loading class javax/annotation/Nonnull
Event: 56.135 loading class javax/annotation/Nonnull done
Event: 56.135 loading class javax/annotation/Nonnull
Event: 56.135 loading class javax/annotation/Nonnull done
Event: 56.135 loading class org/codehaus/plexus/archiver/zip/ZipUnArchiver$__sisu5
Event: 56.135 loading class org/codehaus/plexus/archiver/zip/ZipUnArchiver$__sisu5 done
Event: 56.155 Executing VM operation: G1CollectForAllocation


Dynamic libraries:
c3e00000-c9b00000 rw-p 00000000 00:00 0 
cd700000-ffe00000 ---p 00000000 00:00 0 
ffe00000-ffe44000 rw-p 01104000 08:01 5770185                            /usr/lib/jvm/java-11-openjdk-amd64/lib/server/classes.jsa
ffe44000-fff00000 rw-p 00000000 00:00 0 
fff00000-fff6a000 rw-p 0109a000 08:01 5770185                            /usr/lib/jvm/java-11-openjdk-amd64/lib/server/classes.jsa
fff6a000-100000000 rw-p 00000000 00:00 0 
800000000-800002000 rwxp 00001000 08:01 5770185                          /usr/lib/jvm/java-11-openjdk-amd64/lib/server/classes.jsa
800002000-8003b8000 rw-p 00003000 08:01 5770185                          /usr/lib/jvm/java-11-openjdk-amd64/lib/server/classes.jsa
8003b8000-800a8c000 r--p 003b9000 08:01 5770185                          /usr/lib/jvm/java-11-openjdk-amd64/lib/server/classes.jsa
800a8c000-800a8d000 rw-p 00a8d000 08:01 5770185                          /usr/lib/jvm/java-11-openjdk-amd64/lib/server/classes.jsa
800a8d000-801099000 r--p 00a8e000 08:01 5770185                          /usr/lib/jvm/java-11-openjdk-amd64/lib/server/classes.jsa
840000000-840360000 rw-p 00000000 00:00 0 
840360000-880000000 ---p 00000000 00:00 0 
55658ffe6000-55658ffe7000 r-xp 00000000 08:01 5770931                    /usr/lib/jvm/java-11-openjdk-amd64/bin/java
5565901e7000-5565901e8000 r--p 00001000 08:01 5770931                    /usr/lib/jvm/java-11-openjdk-amd64/bin/java
5565901e8000-5565901e9000 rw-p 00002000 08:01 5770931                    /usr/lib/jvm/java-11-openjdk-amd64/bin/java
5565919a8000-5565919c9000 rw-p 00000000 00:00 0                          [heap]
7f02e8000000-7f02e8021000 rw-p 00000000 00:00 0 
7f02e8021000-7f02ec000000 ---p 00000000 00:00 0 
7f02ec000000-7f02ec024000 rw-p 00000000 00:00 0 
7f02ec024000-7f02f0000000 ---p 00000000 00:00 0 
7f02f0000000-7f02f0021000 rw-p 00000000 00:00 0 
7f02f0021000-7f02f4000000 ---p 00000000 00:00 0 
7f02f4000000-7f02f4021000 rw-p 00000000 00:00 0 
7f02f4021000-7f02f8000000 ---p 00000000 00:00 0 
7f02f8000000-7f02f8021000 rw-p 00000000 00:00 0 
7f02f8021000-7f02fc000000 ---p 00000000 00:00 0 
7f02fc000000-7f02fc021000 rw-p 00000000 00:00 0 
7f02fc021000-7f0300000000 ---p 00000000 00:00 0 
7f0300000000-7f0301f59000 rw-p 00000000 00:00 0 
7f0301f59000-7f0304000000 ---p 00000000 00:00 0 
7f0304000000-7f0304649000 rw-p 00000000 00:00 0 
7f0304649000-7f0308000000 ---p 00000000 00:00 0 
7f0308000000-7f0308021000 rw-p 00000000 00:00 0 
7f0308021000-7f030c000000 ---p 00000000 00:00 0 
7f030da01000-7f030da81000 rw-p 00000000 00:00 0 
7f030da81000-7f030dc05000 ---p 00000000 00:00 0 
7f030dc05000-7f030df02000 rw-p 00000000 00:00 0 
7f030df02000-7f030e102000 rw-p 00000000 00:00 0 
7f030e102000-7f030e302000 rw-p 00000000 00:00 0 
7f030e302000-7f030e502000 rw-p 00000000 00:00 0 
7f030e502000-7f030e702000 rw-p 00000000 00:00 0 
7f030e702000-7f030e902000 rw-p 00000000 00:00 0 
7f030e902000-7f030eb02000 rw-p 00000000 00:00 0 
7f030eb02000-7f030ed02000 rw-p 00000000 00:00 0 
7f030ed02000-7f030ed03000 ---p 00000000 00:00 0 
7f030ed03000-7f030ee04000 rw-p 00000000 00:00 0 
7f030ee04000-7f030ee1a000 r-xp 00000000 08:01 5772495                    /usr/lib/jvm/java-11-openjdk-amd64/lib/libnet.so
7f030ee1a000-7f030f019000 ---p 00016000 08:01 5772495                    /usr/lib/jvm/java-11-openjdk-amd64/lib/libnet.so
7f030f019000-7f030f01a000 r--p 00015000 08:01 5772495                    /usr/lib/jvm/java-11-openjdk-amd64/lib/libnet.so
7f030f01a000-7f030f01b000 rw-p 00016000 08:01 5772495                    /usr/lib/jvm/java-11-openjdk-amd64/lib/libnet.so
7f030f01b000-7f030f02b000 r-xp 00000000 08:01 5772497                    /usr/lib/jvm/java-11-openjdk-amd64/lib/libnio.so
7f030f02b000-7f030f22a000 ---p 00010000 08:01 5772497                    /usr/lib/jvm/java-11-openjdk-amd64/lib/libnio.so
7f030f22a000-7f030f22b000 r--p 0000f000 08:01 5772497                    /usr/lib/jvm/java-11-openjdk-amd64/lib/libnio.so
7f030f22b000-7f030f22c000 rw-p 00010000 08:01 5772497                    /usr/lib/jvm/java-11-openjdk-amd64/lib/libnio.so
7f030f22c000-7f030f230000 ---p 00000000 00:00 0 
7f030f230000-7f030f32d000 rw-p 00000000 00:00 0 
7f030f32d000-7f030f32e000 ---p 00000000 00:00 0 
7f030f32e000-7f030f42f000 rw-p 00000000 00:00 0 
7f030f42f000-7f030f433000 ---p 00000000 00:00 0 
7f030f433000-7f030f530000 rw-p 00000000 00:00 0 
7f030f530000-7f030f534000 ---p 00000000 00:00 0 
7f030f534000-7f030f631000 rw-p 00000000 00:00 0 
7f030f631000-7f0310000000 r--p 00000000 08:01 5774021                    /usr/lib/locale/locale-archive
7f0310000000-7f0310021000 rw-p 00000000 00:00 0 
7f0310021000-7f0314000000 ---p 00000000 00:00 0 
7f0314000000-7f0314021000 rw-p 00000000 00:00 0 
7f0314021000-7f0318000000 ---p 00000000 00:00 0 
7f0318000000-7f0318021000 rw-p 00000000 00:00 0 
7f0318021000-7f031c000000 ---p 00000000 00:00 0 
7f031c000000-7f031c08d000 rw-p 00000000 00:00 0 
7f031c08d000-7f0320000000 ---p 00000000 00:00 0 
7f0320000000-7f0320021000 rw-p 00000000 00:00 0 
7f0320021000-7f0324000000 ---p 00000000 00:00 0 
7f0324000000-7f0324021000 rw-p 00000000 00:00 0 
7f0324021000-7f0328000000 ---p 00000000 00:00 0 
7f0328000000-7f0328021000 rw-p 00000000 00:00 0 
7f0328021000-7f032c000000 ---p 00000000 00:00 0 
7f032c0ef000-7f032c0f3000 ---p 00000000 00:00 0 
7f032c0f3000-7f032e364000 rw-p 00000000 00:00 0 
7f032e364000-7f032f0f0000 ---p 00000000 00:00 0 
7f032f0f0000-7f032f26c000 rw-p 00000000 00:00 0 
7f032f26c000-7f032fff8000 ---p 00000000 00:00 0 
7f032fff8000-7f0330000000 rw-p 00000000 00:00 0 
7f0330000000-7f0330021000 rw-p 00000000 00:00 0 
7f0330021000-7f0334000000 ---p 00000000 00:00 0 
7f033403d000-7f0334041000 ---p 00000000 00:00 0 
7f0334041000-7f033493e000 rw-p 00000000 00:00 0 
7f033493e000-7f0334bae000 rwxp 00000000 00:00 0 
7f0334bae000-7f0334ece000 ---p 00000000 00:00 0 
7f0334ece000-7f03358fe000 rwxp 00000000 00:00 0 
7f03358fe000-7f033c406000 ---p 00000000 00:00 0 
7f033c406000-7f033c676000 rwxp 00000000 00:00 0 
7f033c676000-7f034393e000 ---p 00000000 00:00 0 
7f034393e000-7f034c000000 r--s 00000000 08:01 5772515                    /usr/lib/jvm/java-11-openjdk-amd64/lib/modules
7f034c000000-7f034d2a5000 rw-p 00000000 00:00 0 
7f034d2a5000-7f0350000000 ---p 00000000 00:00 0 
7f035007e000-7f0350082000 ---p 00000000 00:00 0 
7f0350082000-7f035017f000 rw-p 00000000 00:00 0 
7f035017f000-7f0350183000 ---p 00000000 00:00 0 
7f0350183000-7f0350280000 rw-p 00000000 00:00 0 
7f0350280000-7f0350284000 ---p 00000000 00:00 0 
7f0350284000-7f0350381000 rw-p 00000000 00:00 0 
7f0350381000-7f0350382000 ---p 00000000 00:00 0 
7f0350382000-7f035055f000 rw-p 00000000 00:00 0 
7f035055f000-7f0350560000 ---p 00000000 00:00 0 
7f0350560000-7f0350661000 rw-p 00000000 00:00 0 
7f0350661000-7f0350662000 ---p 00000000 00:00 0 
7f0350662000-7f0350b67000 rw-p 00000000 00:00 0 
7f0350b67000-7f0350b68000 ---p 00000000 00:00 0 
7f0350b68000-7f0350c69000 rw-p 00000000 00:00 0 
7f0350c69000-7f0350c6a000 ---p 00000000 00:00 0 
7f0350c6a000-7f0350d9a000 rw-p 00000000 00:00 0 
7f0350d9a000-7f0350f4b000 ---p 00000000 00:00 0 
7f0350f4b000-7f0350f7b000 rw-p 00000000 00:00 0 
7f0350f7b000-7f035112c000 ---p 00000000 00:00 0 
7f035112c000-7f035115c000 rw-p 00000000 00:00 0 
7f035115c000-7f035130d000 ---p 00000000 00:00 0 
7f035130d000-7f0351712000 rw-p 00000000 00:00 0 
7f0351712000-7f0351713000 ---p 00000000 00:00 0 
7f0351713000-7f0351819000 rw-p 00000000 00:00 0 
7f0351819000-7f03518ff000 ---p 00000000 00:00 0 
7f03518ff000-7f0351914000 rw-p 00000000 00:00 0 
7f0351914000-7f03519ea000 ---p 00000000 00:00 0 
7f03519ea000-7f03519ef000 r-xp 00000000 08:01 5772479                    /usr/lib/jvm/java-11-openjdk-amd64/lib/libjimage.so
7f03519ef000-7f0351bee000 ---p 00005000 08:01 5772479                    /usr/lib/jvm/java-11-openjdk-amd64/lib/libjimage.so
7f0351bee000-7f0351bef000 r--p 00004000 08:01 5772479                    /usr/lib/jvm/java-11-openjdk-amd64/lib/libjimage.so
7f0351bef000-7f0351bf0000 rw-p 00005000 08:01 5772479                    /usr/lib/jvm/java-11-openjdk-amd64/lib/libjimage.so
7f0351bf0000-7f0351bf7000 r-xp 00000000 08:01 5772513                    /usr/lib/jvm/java-11-openjdk-amd64/lib/libzip.so
7f0351bf7000-7f0351df6000 ---p 00007000 08:01 5772513                    /usr/lib/jvm/java-11-openjdk-amd64/lib/libzip.so
7f0351df6000-7f0351df7000 r--p 00006000 08:01 5772513                    /usr/lib/jvm/java-11-openjdk-amd64/lib/libzip.so
7f0351df7000-7f0351df8000 rw-p 00007000 08:01 5772513                    /usr/lib/jvm/java-11-openjdk-amd64/lib/libzip.so
7f0351df8000-7f0351e03000 r-xp 00000000 08:01 2364258                    /lib/x86_64-linux-gnu/libnss_files-2.27.so
7f0351e03000-7f0352002000 ---p 0000b000 08:01 2364258                    /lib/x86_64-linux-gnu/libnss_files-2.27.so
7f0352002000-7f0352003000 r--p 0000a000 08:01 2364258                    /lib/x86_64-linux-gnu/libnss_files-2.27.so
7f0352003000-7f0352004000 rw-p 0000b000 08:01 2364258                    /lib/x86_64-linux-gnu/libnss_files-2.27.so
7f0352004000-7f035200a000 rw-p 00000000 00:00 0 
7f035200a000-7f0352021000 r-xp 00000000 08:01 2364252                    /lib/x86_64-linux-gnu/libnsl-2.27.so
7f0352021000-7f0352220000 ---p 00017000 08:01 2364252                    /lib/x86_64-linux-gnu/libnsl-2.27.so
7f0352220000-7f0352221000 r--p 00016000 08:01 2364252                    /lib/x86_64-linux-gnu/libnsl-2.27.so
7f0352221000-7f0352222000 rw-p 00017000 08:01 2364252                    /lib/x86_64-linux-gnu/libnsl-2.27.so
7f0352222000-7f0352224000 rw-p 00000000 00:00 0 
7f0352224000-7f035222f000 r-xp 00000000 08:01 2364269                    /lib/x86_64-linux-gnu/libnss_nis-2.27.so
7f035222f000-7f035242e000 ---p 0000b000 08:01 2364269                    /lib/x86_64-linux-gnu/libnss_nis-2.27.so
7f035242e000-7f035242f000 r--p 0000a000 08:01 2364269                    /lib/x86_64-linux-gnu/libnss_nis-2.27.so
7f035242f000-7f0352430000 rw-p 0000b000 08:01 2364269                    /lib/x86_64-linux-gnu/libnss_nis-2.27.so
7f0352430000-7f0352438000 r-xp 00000000 08:01 2364254                    /lib/x86_64-linux-gnu/libnss_compat-2.27.so
7f0352438000-7f0352638000 ---p 00008000 08:01 2364254                    /lib/x86_64-linux-gnu/libnss_compat-2.27.so
7f0352638000-7f0352639000 r--p 00008000 08:01 2364254                    /lib/x86_64-linux-gnu/libnss_compat-2.27.so
7f0352639000-7f035263a000 rw-p 00009000 08:01 2364254                    /lib/x86_64-linux-gnu/libnss_compat-2.27.so
7f035263a000-7f0352663000 r-xp 00000000 08:01 5772471                    /usr/lib/jvm/java-11-openjdk-amd64/lib/libjava.so
7f0352663000-7f0352862000 ---p 00029000 08:01 5772471                    /usr/lib/jvm/java-11-openjdk-amd64/lib/libjava.so
7f0352862000-7f0352863000 r--p 00028000 08:01 5772471                    /usr/lib/jvm/java-11-openjdk-amd64/lib/libjava.so
7f0352863000-7f0352865000 rw-p 00029000 08:01 5772471                    /usr/lib/jvm/java-11-openjdk-amd64/lib/libjava.so
7f0352865000-7f0352872000 r-xp 00000000 08:01 5772511                    /usr/lib/jvm/java-11-openjdk-amd64/lib/libverify.so
7f0352872000-7f0352a71000 ---p 0000d000 08:01 5772511                    /usr/lib/jvm/java-11-openjdk-amd64/lib/libverify.so
7f0352a71000-7f0352a73000 r--p 0000c000 08:01 5772511                    /usr/lib/jvm/java-11-openjdk-amd64/lib/libverify.so
7f0352a73000-7f0352a74000 rw-p 0000e000 08:01 5772511                    /usr/lib/jvm/java-11-openjdk-amd64/lib/libverify.so
7f0352a74000-7f0352a7b000 r-xp 00000000 08:01 2364309                    /lib/x86_64-linux-gnu/librt-2.27.so
7f0352a7b000-7f0352c7a000 ---p 00007000 08:01 2364309                    /lib/x86_64-linux-gnu/librt-2.27.so
7f0352c7a000-7f0352c7b000 r--p 00006000 08:01 2364309                    /lib/x86_64-linux-gnu/librt-2.27.so
7f0352c7b000-7f0352c7c000 rw-p 00007000 08:01 2364309                    /lib/x86_64-linux-gnu/librt-2.27.so
7f0352c7c000-7f0352c93000 r-xp 00000000 08:01 2361252                    /lib/x86_64-linux-gnu/libgcc_s.so.1
7f0352c93000-7f0352e92000 ---p 00017000 08:01 2361252                    /lib/x86_64-linux-gnu/libgcc_s.so.1
7f0352e92000-7f0352e93000 r--p 00016000 08:01 2361252                    /lib/x86_64-linux-gnu/libgcc_s.so.1
7f0352e93000-7f0352e94000 rw-p 00017000 08:01 2361252                    /lib/x86_64-linux-gnu/libgcc_s.so.1
7f0352e94000-7f0353031000 r-xp 00000000 08:01 2364231                    /lib/x86_64-linux-gnu/libm-2.27.so
7f0353031000-7f0353230000 ---p 0019d000 08:01 2364231                    /lib/x86_64-linux-gnu/libm-2.27.so
7f0353230000-7f0353231000 r--p 0019c000 08:01 2364231                    /lib/x86_64-linux-gnu/libm-2.27.so
7f0353231000-7f0353232000 rw-p 0019d000 08:01 2364231                    /lib/x86_64-linux-gnu/libm-2.27.so
7f0353232000-7f03533ab000 r-xp 00000000 08:01 5767412                    /usr/lib/x86_64-linux-gnu/libstdc++.so.6.0.25
7f03533ab000-7f03535ab000 ---p 00179000 08:01 5767412                    /usr/lib/x86_64-linux-gnu/libstdc++.so.6.0.25
7f03535ab000-7f03535b5000 r--p 00179000 08:01 5767412                    /usr/lib/x86_64-linux-gnu/libstdc++.so.6.0.25
7f03535b5000-7f03535b7000 rw-p 00183000 08:01 5767412                    /usr/lib/x86_64-linux-gnu/libstdc++.so.6.0.25
7f03535b7000-7f03535bb000 rw-p 00000000 00:00 0 
7f03535bb000-7f035468f000 r-xp 00000000 08:01 5772521                    /usr/lib/jvm/java-11-openjdk-amd64/lib/server/libjvm.so
7f035468f000-7f035488f000 ---p 010d4000 08:01 5772521                    /usr/lib/jvm/java-11-openjdk-amd64/lib/server/libjvm.so
7f035488f000-7f035494c000 r--p 010d4000 08:01 5772521                    /usr/lib/jvm/java-11-openjdk-amd64/lib/server/libjvm.so
7f035494c000-7f0354985000 rw-p 01191000 08:01 5772521                    /usr/lib/jvm/java-11-openjdk-amd64/lib/server/libjvm.so
7f0354985000-7f03549dc000 rw-p 00000000 00:00 0 
7f03549dc000-7f03549f6000 r-xp 00000000 08:01 2364301                    /lib/x86_64-linux-gnu/libpthread-2.27.so
7f03549f6000-7f0354bf5000 ---p 0001a000 08:01 2364301                    /lib/x86_64-linux-gnu/libpthread-2.27.so
7f0354bf5000-7f0354bf6000 r--p 00019000 08:01 2364301                    /lib/x86_64-linux-gnu/libpthread-2.27.so
7f0354bf6000-7f0354bf7000 rw-p 0001a000 08:01 2364301                    /lib/x86_64-linux-gnu/libpthread-2.27.so
7f0354bf7000-7f0354bfb000 rw-p 00000000 00:00 0 
7f0354bfb000-7f0354bfe000 r-xp 00000000 08:01 2364191                    /lib/x86_64-linux-gnu/libdl-2.27.so
7f0354bfe000-7f0354dfd000 ---p 00003000 08:01 2364191                    /lib/x86_64-linux-gnu/libdl-2.27.so
7f0354dfd000-7f0354dfe000 r--p 00002000 08:01 2364191                    /lib/x86_64-linux-gnu/libdl-2.27.so
7f0354dfe000-7f0354dff000 rw-p 00003000 08:01 2364191                    /lib/x86_64-linux-gnu/libdl-2.27.so
7f0354dff000-7f0354e1b000 r-xp 00000000 08:01 2364340                    /lib/x86_64-linux-gnu/libz.so.1.2.11
7f0354e1b000-7f035501a000 ---p 0001c000 08:01 2364340                    /lib/x86_64-linux-gnu/libz.so.1.2.11
7f035501a000-7f035501b000 r--p 0001b000 08:01 2364340                    /lib/x86_64-linux-gnu/libz.so.1.2.11
7f035501b000-7f035501c000 rw-p 0001c000 08:01 2364340                    /lib/x86_64-linux-gnu/libz.so.1.2.11
7f035501c000-7f0355203000 r-xp 00000000 08:01 2364168                    /lib/x86_64-linux-gnu/libc-2.27.so
7f0355203000-7f0355403000 ---p 001e7000 08:01 2364168                    /lib/x86_64-linux-gnu/libc-2.27.so
7f0355403000-7f0355407000 r--p 001e7000 08:01 2364168                    /lib/x86_64-linux-gnu/libc-2.27.so
7f0355407000-7f0355409000 rw-p 001eb000 08:01 2364168                    /lib/x86_64-linux-gnu/libc-2.27.so
7f0355409000-7f035540d000 rw-p 00000000 00:00 0 
7f035540d000-7f035541d000 r-xp 00000000 08:01 5771134                    /usr/lib/jvm/java-11-openjdk-amd64/lib/jli/libjli.so
7f035541d000-7f035561c000 ---p 00010000 08:01 5771134                    /usr/lib/jvm/java-11-openjdk-amd64/lib/jli/libjli.so
7f035561c000-7f035561d000 r--p 0000f000 08:01 5771134                    /usr/lib/jvm/java-11-openjdk-amd64/lib/jli/libjli.so
7f035561d000-7f035561e000 rw-p 00010000 08:01 5771134                    /usr/lib/jvm/java-11-openjdk-amd64/lib/jli/libjli.so
7f035561e000-7f0355645000 r-xp 00000000 08:01 2364140                    /lib/x86_64-linux-gnu/ld-2.27.so
7f0355664000-7f035571f000 rw-p 00000000 00:00 0 
7f035571f000-7f0355723000 ---p 00000000 00:00 0 
7f0355723000-7f0355822000 rw-p 00000000 00:00 0 
7f035582b000-7f0355830000 rw-p 00000000 00:00 0 
7f0355830000-7f0355837000 ---p 00000000 00:00 0 
7f0355837000-7f0355839000 r--s 00007000 08:01 6165247                    /usr/share/java/java-atk-wrapper.jar
7f0355839000-7f0355841000 rw-s 00000000 08:01 5636957                    /tmp/hsperfdata_matthew/9525
7f0355841000-7f0355842000 ---p 00000000 00:00 0 
7f0355842000-7f0355843000 r--p 00000000 00:00 0 
7f0355843000-7f0355845000 rw-p 00000000 00:00 0 
7f0355845000-7f0355846000 r--p 00027000 08:01 2364140                    /lib/x86_64-linux-gnu/ld-2.27.so
7f0355846000-7f0355847000 rw-p 00028000 08:01 2364140                    /lib/x86_64-linux-gnu/ld-2.27.so
7f0355847000-7f0355848000 rw-p 00000000 00:00 0 
7fff4f7be000-7fff4f7df000 rw-p 00000000 00:00 0                          [stack]
7fff4f7e3000-7fff4f7e6000 r--p 00000000 00:00 0                          [vvar]
7fff4f7e6000-7fff4f7e7000 r-xp 00000000 00:00 0                          [vdso]
ffffffffff600000-ffffffffff601000 r-xp 00000000 00:00 0                  [vsyscall]


VM Arguments:
jvm_args: -Dclassworlds.conf=/usr/share/maven/bin/m2.conf -Dmaven.home=/usr/share/maven -Dlibrary.jansi.path=/usr/share/maven/lib/jansi-native -Dmaven.multiModuleProjectDirectory=/home/matthew/IdeaProjects/HomeManagement 
java_command: org.codehaus.plexus.classworlds.launcher.Launcher clean package
java_class_path (initial): /usr/share/maven/boot/plexus-classworlds-2.x.jar
Launcher Type: SUN_STANDARD

[Global flags]
     intx CICompilerCount                          = 3                                         {product} {ergonomic}
     uint ConcGCThreads                            = 1                                         {product} {ergonomic}
     uint G1ConcRefinementThreads                  = 4                                         {product} {ergonomic}
   size_t G1HeapRegionSize                         = 1048576                                   {product} {ergonomic}
    uintx GCDrainStackTargetSize                   = 64                                        {product} {ergonomic}
   size_t InitialHeapSize                          = 65011712                                  {product} {ergonomic}
   size_t MarkStackSize                            = 4194304                                   {product} {ergonomic}
   size_t MaxHeapSize                              = 1008730112                                {product} {ergonomic}
   size_t MaxNewSize                               = 605028352                                 {product} {ergonomic}
   size_t MinHeapDeltaBytes                        = 1048576                                   {product} {ergonomic}
    uintx NonNMethodCodeHeapSize                   = 5830732                                {pd product} {ergonomic}
    uintx NonProfiledCodeHeapSize                  = 122913754                              {pd product} {ergonomic}
    uintx ProfiledCodeHeapSize                     = 122913754                              {pd product} {ergonomic}
    uintx ReservedCodeCacheSize                    = 251658240                              {pd product} {ergonomic}
     bool SegmentedCodeCache                       = true                                      {product} {ergonomic}
     bool UseCompressedClassPointers               = true                                 {lp64_product} {ergonomic}
     bool UseCompressedOops                        = true                                 {lp64_product} {ergonomic}
     bool UseG1GC                                  = true                                      {product} {ergonomic}

Logging:
Log output configuration:
 #0: stdout all=warning uptime,level,tags
 #1: stderr all=off uptime,level,tags

Environment Variables:
PATH=/usr/local/sbin:/usr/local/bin:/usr/sbin:/usr/bin:/sbin:/bin:/usr/games:/usr/local/games:/snap/bin:/opt/netbeans/bin/
USERNAME=matthew
SHELL=/bin/bash
DISPLAY=:0

Signal Handlers:
SIGSEGV: [libjvm.so+0xdeda70], sa_mask[0]=11111111011111111101111111111110, sa_flags=SA_RESTART|SA_SIGINFO
SIGBUS: [libjvm.so+0xdeda70], sa_mask[0]=11111111011111111101111111111110, sa_flags=SA_RESTART|SA_SIGINFO
SIGFPE: [libjvm.so+0xdeda70], sa_mask[0]=11111111011111111101111111111110, sa_flags=SA_RESTART|SA_SIGINFO
SIGPIPE: [libjvm.so+0xbc3040], sa_mask[0]=11111111011111111101111111111110, sa_flags=SA_RESTART|SA_SIGINFO
SIGXFSZ: [libjvm.so+0xbc3040], sa_mask[0]=11111111011111111101111111111110, sa_flags=SA_RESTART|SA_SIGINFO
SIGILL: [libjvm.so+0xdeda70], sa_mask[0]=11111111011111111101111111111110, sa_flags=SA_RESTART|SA_SIGINFO
SIGUSR2: [libjvm.so+0xbc2ee0], sa_mask[0]=00000000000000000000000000000000, sa_flags=SA_RESTART|SA_SIGINFO
SIGHUP: [libjvm.so+0xbc3240], sa_mask[0]=11111111011111111101111111111110, sa_flags=SA_RESTART|SA_SIGINFO
SIGINT: [libjvm.so+0xbc3240], sa_mask[0]=11111111011111111101111111111110, sa_flags=SA_RESTART|SA_SIGINFO
SIGTERM: [libjvm.so+0xbc3240], sa_mask[0]=11111111011111111101111111111110, sa_flags=SA_RESTART|SA_SIGINFO
SIGQUIT: [libjvm.so+0xbc3240], sa_mask[0]=11111111011111111101111111111110, sa_flags=SA_RESTART|SA_SIGINFO


---------------  S Y S T E M  ---------------

OS:DISTRIB_ID=Ubuntu
DISTRIB_RELEASE=18.04
DISTRIB_CODENAME=bionic
DISTRIB_DESCRIPTION="Ubuntu 18.04.3 LTS"
uname:Linux 5.0.0-37-generic #40~18.04.1-Ubuntu SMP Thu Nov 14 12:06:39 UTC 2019 x86_64
libc:glibc 2.27 NPTL 2.27 
rlimit: STACK 8192k, CORE 0k, NPROC 15174, NOFILE 4096, AS infinity, DATA infinity, FSIZE infinity
load average:21.25 6.36 3.09

/proc/meminfo:
MemTotal:        3933004 kB
MemFree:          105464 kB
MemAvailable:      26040 kB
Buffers:            1600 kB
Cached:           507060 kB
SwapCached:          752 kB
Active:          2925568 kB
Inactive:         597832 kB
Active(anon):    2909356 kB
Inactive(anon):   579440 kB
Active(file):      16212 kB
Inactive(file):    18392 kB
Unevictable:         428 kB
Mlocked:              16 kB
SwapTotal:       2097148 kB
SwapFree:             52 kB
Dirty:                20 kB
Writeback:             0 kB
AnonPages:       3015208 kB
Mapped:           410824 kB
Shmem:            473584 kB
KReclaimable:      49848 kB
Slab:             117248 kB
SReclaimable:      49848 kB
SUnreclaim:        67400 kB
KernelStack:       18896 kB
PageTables:        73732 kB
NFS_Unstable:          0 kB
Bounce:                0 kB
WritebackTmp:          0 kB
CommitLimit:     4063648 kB
Committed_AS:   12147812 kB
VmallocTotal:   34359738367 kB
VmallocUsed:           0 kB
VmallocChunk:          0 kB
Percpu:             1456 kB
HardwareCorrupted:     0 kB
AnonHugePages:         0 kB
ShmemHugePages:        0 kB
ShmemPmdMapped:        0 kB
CmaTotal:              0 kB
CmaFree:               0 kB
HugePages_Total:       0
HugePages_Free:        0
HugePages_Rsvd:        0
HugePages_Surp:        0
Hugepagesize:       2048 kB
Hugetlb:               0 kB
DirectMap4k:      215704 kB
DirectMap2M:     3874816 kB
DirectMap1G:     1048576 kB


/proc/sys/kernel/threads-max (system-wide limit on the number of threads):
30349


/proc/sys/vm/max_map_count (maximum number of memory map areas a process may have):
65530


/proc/sys/kernel/pid_max (system-wide limit on number of process identifiers):
32768



container (cgroup) information:
container_type: cgroupv1
cpu_cpuset_cpus: 0-3
cpu_memory_nodes: 0
active_processor_count: 4
cpu_quota: -1
cpu_period: 100000
cpu_shares: -1
memory_limit_in_bytes: -1
memory_and_swap_limit_in_bytes: -2
memory_soft_limit_in_bytes: -1
memory_usage_in_bytes: 3608891392
memory_max_usage_in_bytes: 331468800

Steal ticks since vm start: 0
Steal ticks percentage since vm start:  0.000

CPU:total 4 (initial active 4) (2 cores per cpu, 2 threads per core) family 6 model 61 stepping 4, cmov, cx8, fxsr, mmx, sse, sse2, sse3, ssse3, sse4.1, sse4.2, popcnt, avx, avx2, aes, clmul, erms, 3dnowpref, lzcnt, ht, tsc, tscinvbit, bmi1, bmi2, adx, fma
CPU Model and flags from /proc/cpuinfo:
model name	: Intel(R) Core(TM) i3-5010U CPU @ 2.10GHz
flags		: fpu vme de pse tsc msr pae mce cx8 apic sep mtrr pge mca cmov pat pse36 clflush dts acpi mmx fxsr sse sse2 ss ht tm pbe syscall nx pdpe1gb rdtscp lm constant_tsc arch_perfmon pebs bts rep_good nopl xtopology nonstop_tsc cpuid aperfmperf pni pclmulqdq dtes64 monitor ds_cpl vmx est tm2 ssse3 sdbg fma cx16 xtpr pdcm pcid sse4_1 sse4_2 x2apic movbe popcnt tsc_deadline_timer aes xsave avx f16c rdrand lahf_lm abm 3dnowprefetch cpuid_fault epb invpcid_single pti ssbd ibrs ibpb stibp tpr_shadow vnmi flexpriority ept vpid ept_ad fsgsbase tsc_adjust bmi1 avx2 smep bmi2 erms invpcid rdseed adx smap intel_pt xsaveopt dtherm arat pln pts md_clear flush_l1d

Memory: 4k page, physical 3933004k(105968k free), swap 2097148k(0k free)

vm_info: OpenJDK 64-Bit Server VM (11.0.5+10-post-Ubuntu-0ubuntu1.118.04) for linux-amd64 JRE (11.0.5+10-post-Ubuntu-0ubuntu1.118.04), built on Oct 16 2019 22:01:07 by "buildd" with gcc 7.4.0

END.
